ID: 1 ,SIZE = 8
ุดุงุจ ุชููุณู ูุญุฑู ููุณู ุฑุฏุงู ุนูู ุธุฑููู ุงููุนูุดูุฉ ุงูุณูุฆุฉ Retweets: 5
ุงูุดุงุจ ุงูุชููุณู ุงูุฐู ุฃุถุฑู ุงููุงุฑ ูู ููุณู ุงูุซูุงุซุงุก ูู ุงูุนุงุตูุฉ ุชููุณ  [ุนุงุฌู] Retweets: 0
ุนุงุฌู/ ุงููุฌูุณ ุงูุชุฃุณูุณู ููุฑุฃ ุงููุงุชุญุฉ ุชุฑุญูุง ุนูู ููุงุฉ ุดุงุจ ุชููุณู ุฃุฌุฑู ููุณู ุฃูุณ ุจุชููุณ ุงูุนุงุตูุฉ #ajmubasher #ุชููุณ Retweets: 1
ููุงุฉ ุงูุดุงุจ ุงูุชููุณู ุงูุฐู ุฃุถุฑู ุงููุงุฑ ูู ููุณู ุงูุซูุงุซุงุก ูู ุงูุนุงุตูุฉ ุชููุณ  [ุนุงุฌู]โ Retweets: 0
ููุงุฉ ุงูุดุงุจ ุงูุฐู ุฃุญุฑู ููุณู ููู ุฃูุณ ูุณุท ุงูุนุงุตูุฉ #ุชููุณ ูุชุฃุซุฑุง ุจุญุฑููู ุงูุจููุบุฉ Retweets: 2
ุนุงุฌู ููุงุฉ ุงูุดุงุจ ุงูุชููุณู ุงูุฐู ุฃุถุฑู ุงููุงุฑ ูู ููุณู ุฃูุณ ุงูุซูุงุซุงุก ูู ุงูุนุงุตูุฉ ุชููุณ ูุชูุฌุฉ ุณูุก ุงูุฃุญูุงู ุงููุนูุดูุฉ .... Retweets: 0
ุงูุดุงุจ ุงูุชููุณู ุงูุฐู ุฃุถุฑู ุงููุงุฑ ูู ููุณู ุงูุซูุงุซุงุก ูู ุงูุนุงุตูุฉ #ุชููุณ Retweets: 0
ููุงุฉ ุงูุดุงุจ ุงูุฐู ุฃุญุฑู ููุณู ูู ุชููุณ  #ุชููุณ Retweets: 0
Category Label : politics
Credability : 32.483333333333334
Geo Tags : [ุชููุณ]
Name Entities : [ุชููุณ]
========================================================
ID: 2 ,SIZE = 2
ุงูุฎููุฌููู ยซุฎุฏุดูุงยป ุนุฐุฑูุฉ ุงูุนูุงุฑ ุงููุจูุงูู... ูยซูููุฌูุงยป ุงูุฃุณุนุงุฑ! | ุงูุฃุฎุจุงุฑ  via Retweets: 5
ุณูุงุญ ุงูุฎููุฌ ยซูุงุดูุดยป | ุงูุฃุฎุจุงุฑ  via Retweets: 3
Category Label : economy
Credability : 7.806990881458966
Geo Tags : [ูุจูุงู]
Name Entities : [ูุจูุงู]
========================================================
ID: 3 ,SIZE = 2
ุฑููุชุฑุฒ..ุฌูุฉ ุฃูููุฉ ูุตุฑูุฉ ุชููุน ุนุฑุถ ูููู ุนู ูููุฏ ูุตุฑ #Alarabiya #Egypt Retweets: 5
"ุฌูุฉ ุฃูููุฉ" ุชุนุทู ููููุง ุนู "ูููุฏ ูุตุฑ": ูุงู ุณูููุงุฆู ูุตุฑู ุฅู "ุฌูุฉ ุฃูููุฉ" ุนุทูุช ุชุฌุฏูุฏ ุงูุชุฑุฎูุต ูุนุฑุถ ุงููููู ุงูุชุณุฌููู ... Retweets: 0
Category Label : politics
Credability : 5.0
Geo Tags : [ูุตุฑ]
Name Entities : [ูุตุฑ]
========================================================
ID: 4 ,SIZE = 1
ุงููุทู | ูุฐูุนุฉ "ุตุจุงุญ ON" ุชูุชูุฏ ุงูุชุฌููุฒุงุช ุงูุชู ุณุจูุช ุฒูุงุฑุฉ #ุงูุฑุฆูุณ ูู"ุณููุงุฌ":  #elwatannews #morsi #ูุฑุณู Retweets: 5
Category Label : politics
Credability : 3.566666666666667
Geo Tags : [ุณููุงุฌ]
Name Entities : [ุณููุงุฌ]
========================================================
ID: 5 ,SIZE = 2
ยซูุซูุฑู ุงููููยป... ุจูู ุงูุณูุณูุฉ ูุบุถุจ ยซุงูุฃุฎูุฉยป - ูุญูุฏ ุฒุจูุจ | ุงูุฃุฎุจุงุฑ  via Retweets: 4
ยซูุซูุฑู ุงููููยป... ุจูู ุงูุณูุณูุฉ ูุบุถุจ ยซุงูุฃุฎูุฉยป | ุงูุฃุฎุจุงุฑ  via Retweets: 3
Category Label : politics
Credability : 7.794508950169328
Geo Tags : []
Name Entities : []
========================================================
ID: 6 ,SIZE = 1
ุจุงูููุฏูู.. ูุฐูุนุฉ ุงูุชูููุฒููู ุชุฑูู ุชูุงุตูู ุงูุงุนุชุฏุงุก ุนูููุง ูู ุนุถู ุญุงุฒููู  #ูุตุฑ #ุฃุฎุจุงุฑ #ูุตุฑุงูู Retweets: 4
Category Label : politics
Credability : 3.6
Geo Tags : [ูุตุฑ]
Name Entities : [ูุตุฑ]
========================================================
ID: 7 ,SIZE = 1
34 ููุธู ูููุธูุฉ ูู ุงูุนุงูููู ูู ุทูุฑุงู ุงูุจุญุฑูู ููุฏููู ุดููู ุนูุงููุฉ ูููุทุงูุจุฉ ุจูุณุชุญูุงุชูู ุงููุงููุฉ Retweets: 3
Category Label : economy
Credability : 1.3333333333333333
Geo Tags : [ูุงูู, ุงูุจุญุฑูู]
Name Entities : [ูุงูู, ุงูุจุญุฑูู]
========================================================
ID: 8 ,SIZE = 2
ููุฏ ูู ุฑุฆุงุณุฉ ุงูุฌูููุฑูุฉ ูุบุงุฏุฑ ูุทุงุฑ ุงููุงูุฑุฉ ูุชูุฌูุง ุฅูู ุฏุจู B Retweets: 3
ููุฏ ูู ุฑุฆุงุณุฉ ุงูุฌูููุฑูุฉ ูุบุงุฏุฑ ูุทุงุฑ ุงููุงูุฑุฉ ูุชูุฌูุฉ ุฅูู ุฏุจู  #Akhbarak_net Retweets: 1
Category Label : politics
Credability : 5.2
Geo Tags : [ุฏุจู, ูุจูุงู, ุงููุงูุฑู]
Name Entities : [ุฏุจู, ุฑุฆุงุณุฉ ุงูุฌูููุฑูุฉ ุงููุจูุงููุฉ, ุงููุงูุฑู]
========================================================
ID: 9 ,SIZE = 1
ุจุนุฏ ุงู ุญุทู ูููุงู ุจุงูุฃูุณ ุ ุจููู ูุญูู ูููุงู Retweets: 2
Category Label : sports
Credability : 1.0
Geo Tags : []
Name Entities : []
========================================================
ID: 10 ,SIZE = 3
ุงููุจุถ ุนูู 7 ููุณุทููููู ุจูุทุงุฑ ุงููุงูุฑุฉ ูุงุฏููู ูู ุณูุฑูุง ูุญูููู ุฎุฑุงุฆุท ูุตูุฑ ููุดุขุช ุณูุงุฏูุฉ ูุตุฑูุฉ  #Akhbarak_net Retweets: 2
ุนุงุฌู: ุงููุทู| ุถุจุท 7 ููุณุทููููู ุจุญูุฒุชูู ุฎุฑุงุฆุท ูููุดุขุช ุณูุงุฏูุฉ ูุตุฑูุฉ ุจูุทุงุฑ ุงููุงูุฑุฉ Retweets: 0
#ุนุงุฌู ุณูุทุงุช ูุทุงุฑ ุงููุงูุฑู ุชุถุจุท 7 ููุณุทููู ูุญูููู ุตูุฑ ู ุฎุฑุงุฆุท ููุดุงุช ุณูุงุฏูู ูุตุฑูู Retweets: 0
Category Label : politics
Credability : 7.476190476190476
Geo Tags : [ุณูุฑูุง, ูุตุฑ, ุงููุงูุฑู]
Name Entities : [ุณูุฑูุง, ูุตุฑ, ุงููุงูุฑู]
========================================================
ID: 11 ,SIZE = 1
#ุนุงุฌู: ูุฑุงุณููุง: #ุงูุฌูุด_ุงูุณูุฑู_ุงูุญุฑ ูุนูู ุณูุทุฑุชู ุนูู ุญุงุฌุฒ ุฃููู ุจููุทูุฉ ุงูุฌูุณูุฉ ุงููุญุงุฐูุฉ ููุญุฏูุฏ ุงููุจูุงููุฉ Retweets: 1
Category Label : politics
Credability : 0.75
Geo Tags : [ูุจูุงู, ุณูุฑูุง]
Name Entities : [ูุจูุงู, ุณูุฑูุง]
========================================================
ID: 12 ,SIZE = 1
#ุนุงุฌู: 4 ูุชูู ูู ุงููุฌุงุฑ ุนุจูุฉ ูุงุณูุฉ ุงุณุชูุฏูุช ุณูุงุฑุฉ ุนุณูุฑูุฉ ูุณุท ูุณูุงูู ุฌููุจู #ุงูุตููุงู Retweets: 1
Category Label : politics
Credability : 0.75
Geo Tags : [ุงูุตููุงู]
Name Entities : [ุงูุตููุงู]
========================================================
ID: 13 ,SIZE = 1
#Morsi ูุญุงูุธ ุงููุงูุฑุฉ ุจุนุฏ ุงุฌุชูุงุนู ูุน ูุฑุณู: ุงูุฑุฆูุณ ยซุชูููยป ุตุนูุจุฉ ูุดููุงุช ุงูุนุงุตูุฉ Retweets: 0
Category Label : politics
Credability : 3.5
Geo Tags : [ุงููุงูุฑู]
Name Entities : [ุงููุงูุฑู]
========================================================
ID: 14 ,SIZE = 1
ููุฑุฌุงู ุงููุฑูุณูุฉ ูู ุฃุจู ุธุจู  #ุงูุงูุงุฑุงุช #ุงุจูุธุจู Retweets: 0
Category Label : art
Credability : 3.5
Geo Tags : [ุงุจูุธุจู]
Name Entities : [ุงุจูุธุจู]
========================================================
ID: 15 ,SIZE = 1
ุณุชุทูู ุณููู ููุงุชู Xperia SP ู Xperia L ูุงุฑุณ ุงูุญุงูู Retweets: 0
Category Label : technology
Credability : 1.5
Geo Tags : []
Name Entities : []
========================================================
ID: 17 ,SIZE = 5
๐ด ุชู ุชูููุฐ ุญูู ุงููุชู ุชุนุฒูุฑุงู ูู ุงูุดุจุงู ุงูุณุจุนุฉ ุฌููุนุง ูุจู ูููู ูู #ุฃุจูุง .. #ุงูุณุจุนู_ุงููุญููู_ุนูููู_ุจุงูุฅุนุฏุงู - http:// ... Retweets: 2
ุชูุงุตูู ุชูููุฐ ุญูู ุงููุตุงุต ูุจู ูููู ูู ูุฌููุนุฉ #ุงูุณุจุนู_ุงููุญููู_ุนูููู_ุจุงูุฅุนุฏุงู ูู #ุฃุจูุง .. #ุนุณูุฑ #ุงูุณุนูุฏูุฉ - http:// ... Retweets: 5
๐ด ุจูุงู #ูุฒุงุฑุฉ_ุงูุฏุงุฎููุฉ ุญูู ุชูููุฐ ุญูู ุงููุชู ุชุนุฒูุฑุง ุจุณุจุนุฉ ุฌูุงุฉ ูู ูุฏููุฉ #ุฃุจูุง #ุงูุณุจุนู_ุงููุญููู_ุนูููู_ุจุงูุฅุนุฏุงู - ht ... Retweets: 0
ุนุงุฌู ุชู ุชูููุฐ ุญูู ุงููุชู ุชุนุฒูุฑุงู ูู ุงูุดุจุงู ุงูุณุจุนุฉ ุฌููุนุง ูุจู ูููู ูู ุฃุจูุง #ุงูุณุจุนู_ุงููุญููู_ุนูููู_ุจุงูุฅุนุฏุงู ุ: http:/ ... Retweets: 1
: ูุจู ูููู .. ุชู ุชูููุฐ ุญูู ุงููุชู ุชุนุฒูุฑุงู ูู ุงูุดุจุงู ุงูุณุจุนุฉ ุฌููุนุง ูู #ุฃุจูุง .. #ุงูุณุจุนู_ุงููุญููู_ุนูููู_ุจุงูุฅุนุฏุงู - ht ... Retweets: 1
Category Label : politics
Credability : 7.0
Geo Tags : [ุงูุณุนูุฏูู]
Name Entities : [ุงูุณุนูุฏูู]
========================================================
ID: 16 ,SIZE = 1
ุนูุฏู ุงูููุซุงุฑู ุงูููู ุงูุฎููู ุจุนุฏ ุญูููุง ูู ุงุซููุง: ุชูุดุบู ุฃูููุฉ ุงูุฎููู ุจูุถุน ุงูููุณุงุช ุงูุฃุฎูุฑุฉ ุนูู ุนูููุง ุงูุฌุฏูุฏ โุฒููโ ... Retweets: 0
Category Label : art
Credability : 3.5
Geo Tags : [ุงุซููุง, ุงูุฎููู]
Name Entities : [ุงุซููุง, ุงูุฎููู]
========================================================
ID: 19 ,SIZE = 2
๐ด ูุจุถุช ุงูุฌูุงุช ุงูุฃูููุฉ ูู #ุญุงุฆู ุนูู ูุนูู ูู ุงูุนูุฏ ุงูุซุงููุุถุงูู ุญุงููุฉ ูููู ุงููุนููุงุชุ ูุฃููู ุนูููุง ุงูุญุฌุงุฑุฉ ุฎูุงู ุชูุฌู ุงูู ... Retweets: 2
ุนุงุฌู ๐ด ูุจุถุช ุงูุฌูุงุช ุงูุฃูููุฉ ูู #ุญุงุฆู ุนูู ูุนููุุถุงูู ุญุงููุฉ ูููู ุงููุนููุงุชุ ูุฃููู ุนูููุง ุงูุญุฌุงุฑุฉ ุฎูุงู ุชูุฌู ุงููุนููุงุช ุฅูู ูุฏุงุฑุณูู..!โ Retweets: 0
Category Label : politics
Credability : 2.5
Geo Tags : []
Name Entities : []
========================================================
ID: 18 ,SIZE = 1
#ุงูุฏูุฉ ุญูุงูู 20 ูุฑูุจุฉ ุงูุงู ูู ุฎูู ูุงุชู ุงูุฏูุฉ ุงููุจูุฑ #ุงุถุฑุงุจ_ุงููุฑุงูุฉ2 #ูุงุฑุณ_ุงูููุงููุฉ #ูุงุฒููู #BAHRAIN #14FEB #lu ... Retweets: 0
Category Label : politics
Credability : 0.5
Geo Tags : []
Name Entities : []
========================================================
ID: 21 ,SIZE = 1
ุจูุงุบ ุนุงุฌู ูููุงุฆุจ ุงูุนุงู ุงููุญุชุฑู.. ููุน ุงูุฒูุฏ ูู ุงูุณูุฑ ุงูุงู ูุจุณุฑุนู Retweets: 0
Category Label : politics
Credability : 0.5
Geo Tags : []
Name Entities : []
========================================================
ID: 20 ,SIZE = 3
| ุจุงูููุฏูู ุนุงุฌู ูุฌู ูุฑุณู ุณุงููุฑุณ ุญุฑุงูู ูุงูุงุนูุงูููู ุฎุฑูุงู ููููุณ ุจุชุบูู ูุงูุง ุนููุฉ ููุณู ูุงููุฉ Retweets: 3
ุจุงูููุฏูู..ูุฌู ูุฑุณู: ุงูุงุนูุงูููู ุฎุฑูุงู ูุฑุจูุง ููุชูู ูููู..ู"ุณุงููุฑุณ" ุญุฑุงูู: Retweets: 1
ุนุงุฌู ูุฌู ูุฑุณู ุณุงููุฑุณ ุญุฑุงูู ูุงูุงุนูุงูููู ุฎุฑูุงู ููููุณ ุจุชุบูู ูุงูุง ุนููุฉ ููุณู ูุงููุฉ Retweets: 0
Category Label : politics
Credability : 9.0625
Geo Tags : [ูุตุฑ]
Name Entities : [ูููุณ ุงูุญุฏูุฏู, ูุฌูุจ ุณุงููุฑุณ]
========================================================
ID: 23 ,SIZE = 23
ุนุงุฌู| ุงูุฑุฆุงุณุฉ ุงููุตุฑูุฉ ูุงููุฌูุฉ ุงูุนููุง ููุงูุชุฎุงุจุงุช ุชุทุนูุงู ุนูู ุญูู ููู ุงูุงูุชุฎุงุจุงุช ุงูุจุฑููุงููุฉ. Retweets: 4
ุนุงุฌู: "ุงูุฑุฆุงุณุฉ" ู"ุงูุนููุง ููุงูุชุฎุงุจุงุช" ุชุทุนูุงู ุนูู ุญูู ููู "ุงูุชุฎุงุจุงุช ุงูููุงุจ" Retweets: 4
"ุงูุฑุฆุงุณุฉ" ู"ุงูุนููุง ููุงูุชุฎุงุจุงุช" ุชุทุนูุงู ุนูู ุญูู ููู "ุงูุชุฎุงุจุงุช ุงูููุงุจ" Retweets: 15
ุนุงุฌู: "ุงูุฑุฆุงุณุฉ" ู"ุงูุนููุง ููุงูุชุฎุงุจุงุช" ุชุทุนูุงู ุนูู ุญูู ููู "ุงูุชุฎุงุจุงุช ุงูููุงุจ"" Retweets: 0
#ุฑุตุฏ #ุนุงุฌู .. ุงูุฑุฆุงุณุฉ ุงููุตุฑูุฉ ูุงููุฌูุฉ ุงูุนููุง ููุงูุชุฎุงุจุงุช ุชุทุนูุงู ุนูู ุญูู ููู ุงูุงูุชุฎุงุจุงุช ุงูุจุฑููุงููุฉ. #ูุฑุณู #ูุตุฑ Retweets: 0
#egyelections #egypt #ุฑุตุฏ| ุนุงุฌู| ุงูุฑุฆุงุณุฉ ุงููุตุฑูุฉ ูุงููุฌูุฉ ุงูุนููุง ููุงูุชุฎุงุจุงุช ุชุทุนูุงู ุนูู ุญูู ููู...  #egyelections2011 Retweets: 0
ุนุงุฌู: "ุงูุฑุฆุงุณุฉ" ู"ุงูุนููุง ููุงูุชุฎุงุจุงุช" ุชุทุนูุงู ุนูู ุญูู ููู "ุงูุชุฎุงุจุงุช ุงูููุงุจ" - Retweets: 0
| ุนุงุฌู| ุงูุฑุฆุงุณุฉ ุงููุตุฑูุฉ ูุงููุฌูุฉ ุงูุนููุง ููุงูุชุฎุงุจุงุช ุชุทุนูุงู ุนูู ุญูู ููู ุงูุงูุชุฎุงุจุงุช ุงูุจุฑููุงููุฉ. Retweets: 0
ุนุงุฌู: #ุงูุฑุฆุงุณุฉ ูุงูุนููุง ููุงูุชุฎุงุจุงุช ุชุทุนูุงู ุนูู ุญูู ููู ุงูุชุฎุงุจุงุช ูุฌูุณ #ุงูููุงุจ...ุงูุนุจ ุขุฑูุณ :)) Retweets: 0
ููุง ูุด ูุงููุง ูุด ุญูุทุนููุง #ุฑุตุฏ| ุนุงุฌู| ุงูุฑุฆุงุณุฉ ุงููุตุฑูุฉ ูุงููุฌูุฉ ุงูุนููุง ููุงูุชุฎุงุจุงุช ุชุทุนูุงู ุนูู ุญูู ููู ุงูุงูุชุฎุงุจุงุช ุงูุจุฑููุงููุฉ. Retweets: 0
ุนุงุฌู: "ุงูุฑุฆุงุณุฉ" ู"ุงูุนููุง ููุงูุชุฎุงุจุงุช" ุชุทุนูุงู ุนูู ุญูู ููู "ุงูุชุฎุงุจุงุช ุงูููุงุจ""ุญุณุจูุง ุงููู ููุนู ุงููููู Retweets: 0
โ ุนุงุฌู: "ุงูุฑุฆุงุณุฉ" ู"ุงูุนููุง ููุงูุชุฎุงุจุงุช" ุชุทุนูุงู ุนูู ุญูู ููู "ุงูุชุฎุงุจุงุช ุงูููุงุจ""ุฎุฎุฎุฎุฎุฎุฎุฎุฎุฎุฎุฎุฎุฎุฎุฎุฎุฎุฎุฎุฎุฎุฎุฎุฎุฎุฎุฎุฎุฎุฎุฎุฎุฎุฎ Retweets: 0
ุฑุฆุงุณุฉ ูุณุฎุฉ ูุนุงุฑููู ููู ุงููุฌูุฉ ุงูุฉ "ุฌุงูุฉ ู ุงู ุนุงุฌู: "ุงูุฑุฆุงุณุฉ" ู"ุงูุนููุง ููุงูุชุฎุงุจุงุช" ุชุทุนูุงู ุนูู ุญูู ููู "ุงูุชุฎุงุจุงุช ุงูููุงุจ" Retweets: 0
"ุงูุฑุฆุงุณุฉ" ู"ุงูุนููุง ููุงูุชุฎุงุจุงุช" ุชุทุนูุงู ุนูู ุญูู ููู "ุงูุชุฎุงุจุงุช ุงูููุงุจ""ุญุณุจูุง ุงููู ููุนู ุงููููู Retweets: 1
ูุง ุฏู ุงููุถูุญุฉ! ุนุงุฌู: "ุงูุฑุฆุงุณุฉ" ู"ุงูุนููุง ููุงูุชุฎุงุจุงุช" ุชุทุนูุงู ุนูู ุญูู ููู "ุงูุชุฎุงุจุงุช ุงูููุงุจ"โ Retweets: 0
"ุงูุฑุฆุงุณุฉ" ู"ุงูุนููุง ููุงูุชุฎุงุจุงุช" ุชุทุนูุงู ุนูู ุญูู ููู "ุงูุชุฎุงุจุงุช ุงูููุงุจ" - Retweets: 0
ูุงุถุญ ุงููุง ุฏุงุฎููู ุนูู ุนุฏู ุงุญุชุฑุงู ุงููุงููู ุจุตูุฑุฉ ูุจูุฑุฉ ุฎุจุฑ ุจูููู ุนุงุฌู: "ุงูุฑุฆุงุณุฉ" ู"ุงูุนููุง ููุงูุชุฎุงุจุงุช" ุชุทุนูุงู ุนูู ุญูู ููู "ุงูุชุฎุงุจุงุช ุงูููุงุจ" Retweets: 0
#ุฑุตุฏ| ุนุงุฌู| ุงูุฑุฆุงุณุฉ ุงููุตุฑูุฉ ูุงููุฌูุฉ ุงูุนููุง ููุงูุชุฎุงุจุงุช ุชุทุนูุงู ุนูู ุญูู ููู ุงูุงูุชุฎุงุจุงุช ุงูุจุฑููุงููุฉ. Retweets: 0
ูุญุชุฑู ุงุฑุงุฏู ุงููุถุงุก โุนุงุฌู: "ุงูุฑุฆุงุณุฉ" ู"ุงูุนููุง ููุงูุชุฎุงุจุงุช" ุชุทุนูุงู ุนูู ุญูู ููู "ุงูุชุฎุงุจุงุช ุงูููุงุจ"" Retweets: 0
ุนุงุฌู| ุงูุฑุฆุงุณุฉ ุงููุตุฑูุฉ ูุงููุฌูุฉ ุงูุนููุง ููุงูุชุฎุงุจุงุช ุชุทุนูุงู ุนูู ุญูู ููู ุงูุงูุชุฎุงุจุงุช ุงูุจุฑููุงููุฉ.... Retweets: 0
#ุนุงุฌู : ุงูุฑุฆุงุณุฉ ุงููุตุฑูุฉ ูุงููุฌูุฉ ุงูุนููุง ููุงูุชุฎุงุจุงุช ุชุทุนูุงู ุนูู ุญูู ููู ุงูุงูุชุฎุงุจุงุช ุงูุจุฑููุงููุฉ. #ูุตุฑ Retweets: 0
#ุนุงุฌู #ุงูุฑุฆุงุณุฉ ูุงูุนููุง ููุงูุชุฎุงุจุงุช ูุทุนูุงู ุฑุณููุงู ุนูู ุญูู ููู ุงูุชุฎุงุจุงุช ุงูููุงุจ. Retweets: 0
ุนุงุฌู| ุงูุฑุฆุงุณุฉ ุงููุตุฑูุฉ ูุงููุฌูุฉ ุงูุนููุง ููุงูุชุฎุงุจุงุช ุชุทุนูุงู ุนูู ุญูู ููู ุงูุงูุชุฎุงุจุงุช ุงูุจุฑููุงููุฉ. ูโข ฉหโขูโข 7 โขูโขหฉ โขู Retweets: 0
Category Label : politics
Credability : 31.42444802247602
Geo Tags : [ููุฒูุจูู, ูุตุฑ]
Name Entities : [ุขุฑูุณ ุนูู, ูุตุฑ]
========================================================
ID: 22 ,SIZE = 1
ุฅุฏุงุฑุฉ #ุงููุตุฑ ุชุดูู ูุฌูุฉ ุงูููุดุทุงุช ููุฑุฆูุณ ุงูุนุงู ู ุชูุงูุฆ #ุญุณูู_ุนุจุฏุงูุบูู ุจู100 ุฃูู ุจุนุฏ ูุฑุงุฑ #ุชุบุฑูู_ุญุณูู_ุนุจุฏุงูุบูู 40 ุฃู ... Retweets: 0
Category Label : politics
Credability : 0.5
Geo Tags : [ุงูุฅูุงุฑุงุช, ุงููุตุฑ]
Name Entities : [ุงููุตุฑ, ูุญูุฏ ุจู ุฎุงูุฏ ุจู ุณูุทุงู ุฃู ูููุงู]
========================================================
ID: 25 ,SIZE = 1
ุชุฎูุถ ูุฑู ุงูุตุฏุงุฑุฉ ูู ุงูุฏูุฑู ุงูุนูุงูู ููุงุฌูุงุช ุตุนุจุฉ ูู ุงููุฑุญูุฉ ุงูุชุงุณุนุฉ ุนุดุฑุฉ ุงูุชู ุชูุทูู ุงูุฎููุณ ูุชุฎุชุชู ุงูุฃุญุฏ ุงูููุจู. Retweets: 4
Category Label : sports
Credability : 3.6
Geo Tags : [ุนูุงู]
Name Entities : [ุนูุงู]
========================================================
ID: 24 ,SIZE = 1
ุชูุงุฑูุฑ: ุฑุฆูุณ ุงุฆุชูุงู ุงููุนุงุฑุถุฉ ุงูุณูุฑูุฉ ูุชุฌู ููุงุณุชูุงูุฉ Retweets: 4
Category Label : politics
Credability : 3.6
Geo Tags : [ุณูุฑูุง]
Name Entities : [ุณูุฑูุง]
========================================================
ID: 27 ,SIZE = 1
ุฅุฏุงุฑุฉ ุงููุฑุงูุฒ ุงูุงุฌุชูุงุนูุฉ ุชุฒูุฑ ูุฑูุฒ ุงูููุงุก ููุฅุนุงูุฉ ุงูุฐูููุฉ  via Retweets: 4
Category Label : art
Credability : 3.55
Geo Tags : []
Name Entities : []
========================================================
ID: 26 ,SIZE = 1
ุงูุฅุฎูุงู ูุฎุณุฑูู ูุนุธู ุงูุงูุชุฎุงุจุงุช ุงูุทูุงุจูุฉ ูู ุฌุงูุนุงุช #ูุตุฑ B Retweets: 4
Category Label : politics
Credability : 1.5
Geo Tags : [ูุตุฑ]
Name Entities : [ูุตุฑ]
========================================================
ID: 29 ,SIZE = 1
ุนุงุฌู:ุงูุงุฏุงุฑุฉ ุงูุฌุฏูุฏุฉ ููุจูู ุงูุงููู ุงููุตุฑู ุชุจุญุซ ุงุงุจูุงุบ ุงููุงุฆุจ ุงูุนุงู ูุฑุฏ ุงููุฏุงูุง ูุนูููุงุช ุงูุงุนูุงูุงุช ุงูุชู ูุฏูุชูุง ุงุฏุงุฑุงุช ุงูุจูู ุฎูุงู 10 ุณููุงุช ูุงุถูุฉ Retweets: 0
Category Label : economy
Credability : 0.5
Geo Tags : [ูุตุฑ]
Name Entities : [ูุตุฑ]
========================================================
ID: 28 ,SIZE = 1
ุนุงุฌู ูุฎุทูุฑ ุจุงููุฑุจ ูู ูุทุงุฑ ุงูุนุฑูุด!! Retweets: 3
Category Label : politics
Credability : 3.9166666666666665
Geo Tags : []
Name Entities : []
========================================================
ID: 31 ,SIZE = 1
ุงูุญุฏูุฏ ุงูุดูุงููุฉ / ุญุงููุงู ุชุฌูุน ุนุดุฑุงุช ุงูุนุฑุงูููู ููููู ุงูุซุงูู.. ูุงุณุชููุงุฑ ุฃููู ุนูู ุงูุญุฏูุฏ ููุด ุงูุงุณุชููุงุฑ ุงูุงููู ุฏุด ... Retweets: 0
Category Label : politics
Credability : 0.5
Geo Tags : [ุฃูุฑููุฏุง]
Name Entities : [ุฃูุฑููุฏุง]
========================================================
ID: 30 ,SIZE = 1
ุนุงุฌู..... ุงูุฅูุฑุงุฌ ุนู ุฌููุน ูุนุชููู ุงูููุงูู ููููู ุงูุดูุฎ ุงูุฒุงูู ุจููุงูู Retweets: 0
Category Label : politics
Credability : 0.5
Geo Tags : []
Name Entities : []
========================================================
ID: 34 ,SIZE = 1
ุนุงุฌู ููุถุฑูุฑูุฉ ุงููุตูู ูุดูุฑุง - ูุงุฏู ูุญุจู ุงูุณูุฑ ุงูู ุชุฑููุง Retweets: 0
Category Label : sports
Credability : 2.5
Geo Tags : [ุชุฑููุง]
Name Entities : [ุชุฑููุง]
========================================================
ID: 35 ,SIZE = 1
ุจุงูููุฏูู.. ุงูุฅุตูุงุญ ุงูุณูุงุณู ููุงู ูุฑุงู ุงูุจุฑุงุฏุนู Retweets: 3
Category Label : politics
Credability : 3.361111111111111
Geo Tags : []
Name Entities : []
========================================================
ID: 32 ,SIZE = 1
ุณุงุฑุฉ ุฌูุณููุง ุจุงุฑูุฑ ุชุนุชุฑู ุจุฃู ุงูุฃุญุฐูุฉ ุงูุฑุฎูุตุฉ ุฏูุฑุช ูุฏูููุง  #sarah #jessica #parker #star #celebrities Retweets: 4
Category Label : sports
Credability : 3.6
Geo Tags : [ุจุฑูุทุงููุง]
Name Entities : [ุฌูุณููุง ุฅููุณ]
========================================================
ID: 33 ,SIZE = 1
ุญูุต::: ุงูุซูุงุฑ ูุญุฑุฑูู ูุชูุจุฉ ุงู14 ูู ุจูุฏุฉ ุฌูุณูุฉ ุงูุญุฏูุฏูุฉ ูุน ูุจูุงู ูู ุงููุตูุฑ ุจุญูุต ููุณูุทุฑูู ุนูู... ... Retweets: 0
Category Label : politics
Credability : 0.5
Geo Tags : [ูุจูุงู, ุญูุต]
Name Entities : [ูุจูุงู, ุญูุต]
========================================================
ID: 38 ,SIZE = 1
ุนุงุฌู : #ููุฑุงูุฏุง ูุฌุฏุฏ ุนูุฏู ูุน ุฃุชูุชููู ูุฏุฑูุฏ ุญุชู 2016 .." Retweets: 0
Category Label : sports
Credability : 0.5
Geo Tags : [ุฅุณุจุงููุง, ุงูุจุฑุงุฒูู, ูุฏุฑูุฏ]
Name Entities : [ููุฑุงูุฏุง, ูุฏุฑูุฏ, ุฃุชูุชููู ูุฏุฑูุฏ]
========================================================
ID: 39 ,SIZE = 1
:ุงูุฑุฆุงุณู ุชุทุนู ุจุดูู ุฑุณูู ูู ุงูุญูู ุงูุตุงุฏุฑ ุจููู ุงูุงูุชุฎุงุจุงุช !!!!ููุง ูุด ูุงููุง ุงููู ุจูุญุชุฑููุง ุงุญูุงู ุงููุถุงุก ููุด ููุทุนููุง !! ... Retweets: 0
Category Label : politics
Credability : 0.5
Geo Tags : []
Name Entities : []
========================================================
ID: 36 ,SIZE = 1
ุชุนููู ุงุจุฑุงููู ุงูููููุงูู ูุฑุงูุจ ููุชุจ ุงูุฏูุงู ูุฑุงูุจ ุงูููุชุจ ุงูููู ูู ุงูุฅุฐุงุนู ุงูุจุฑูุงูุฌ ุงูุซุงูู ูู ูุฐุง ูู ุงูุชุทูุฑ ุงูููุด ... Retweets: 0
Category Label : politics
Credability : 0.5
Geo Tags : []
Name Entities : []
========================================================
ID: 37 ,SIZE = 1
ุชู ุชูุงูุฉ ุงูุญูู ูุจุงุดุฑุฉ ุฏูู ุงูุณูุงุญ ูููุญุงูููู ุงููุดุนูู ูุงูุญุตุงู ุจุงูุงุนุชุฑุงุถ ุนูู ุงูุญูู ุงู ุฑุฏ ุงูุฏุนูู ุงููุง ูุญุงููุฉ #ููุงุถูุงุช_ุงูุฑูุง ... Retweets: 0
Category Label : politics
Credability : 0.5
Geo Tags : [ุงูุฃุฑุฏู]
Name Entities : [ุนุจุฏ ุงููู ุขู ุงูุญุตุงู]
========================================================
ID: 42 ,SIZE = 2
ูุณูุญูู ููุงุฌููู ูุฏุฑุณุชูู ุจุงูุณููุณ ู ุงูุดุฑุทุฉ ุงูุนุณูุฑูุฉ ุชุชุฏุฎู O Retweets: 2
ุงูุนุฑุจูุฉ: ูุณูุญูู ููุงุฌููู ูุฏุฑุณุชูู ุจุงูุณููุณ ู ุงูุดุฑุทุฉ ุงูุนุณูุฑูุฉ ุชุชุฏุฎู Retweets: 0
Category Label : politics
Credability : 2.04
Geo Tags : []
Name Entities : []
========================================================
ID: 43 ,SIZE = 1
ุนุงุฌู ุดูุนูู ุจูุฑูุฒ ุงูุฑุฆูุณ ุงูุตููููู ูุทุงูุจ ุงูุฏูู ุงูุนุฑุจูุฉ ุจุงูุชุฏุฎู ูู ุณูุฑูุง ูููู ุงููุฌุงุฒุฑ!!!!  ุญุชู ุดูุนูู ... Retweets: 0
Category Label : politics
Credability : 2.5
Geo Tags : [ุฅุณุฑุงุฆูู, ุณูุฑูุง]
Name Entities : [ุณูุฑูุง, ุดูุนูู ุจูุฑูุฒ]
========================================================
ID: 40 ,SIZE = 1
ุฏุฑุงุณุฉ: ูุฌุฑุฏ ุงุฑุชุฌุงุฌ ูุญูุฏ ูุฏ ูุณุจุจ ุชููุง ุฏุงุฆูุง ูููุฎ. #ุงูุนุฑุจ #ุตุญุฉ Retweets: 3
Category Label : health
Credability : 1.25
Geo Tags : []
Name Entities : []
========================================================
ID: 41 ,SIZE = 1
#ุนุงุฌู: ุญุฒุจ ุงูุนูุงู ุงููุฑุฏุณุชุงูู ููุฑุฌ ุนู ุซูุงููุฉ ุฃุชุฑุงู ูุงู ูุญุชุฌุฒูู ูู ุฅุทุงุฑ ุงุชูุงู ุงูุณูุงู ูุน ุงูุญูููุฉ ุงูุชุฑููุฉ Retweets: 3
Category Label : politics
Credability : 1.25
Geo Tags : [ุชุฑููุง]
Name Entities : [ุชุฑููุง, ุญุฒุจ ุงูุนูุงู (ุชุฑููุง)]
========================================================
ID: 46 ,SIZE = 1
"ุงูุฃูุฑ ุจุงููุนุฑูู" ุจุงูุณููุณ ุชุนูู ูุชุญ ุจุงุจ ุงูุชุทูุน ูุชุทุจูู "ุงูุถุจุทูุฉ".. ูุงูุฌูุฏ ุนููุจุฉ ุงููุฎุงูููู Retweets: 2
Category Label : economy
Credability : 3.6666666666666665
Geo Tags : []
Name Entities : []
========================================================
ID: 47 ,SIZE = 1
:: ุงูุขูุงู ูู ูุฎูู ุงูููุงุฑ ุฌููุจ ุงูุฎููู ูุดูุนูู ุฌุซูุงู ุงูุดููุฏ ูุญููุฏ ุงูุทูุทู Retweets: 0
Category Label : politics
Credability : 0.5
Geo Tags : [ุงูุฎููู]
Name Entities : [ุงูุฎููู]
========================================================
ID: 44 ,SIZE = 1
ุฎุจุฑ ุนุงุฌู : ุฌูุงููุฑ ุจุฑุดูููุฉ ุชุนูุฏ ููุชููุชุฑ ุจุนุฏ ุบูุงุจ ุฃูุซุฑ ูู ุฃุณุจูุนูู ูุฃุณุจุงุจ ูุฌูููุฉ ููุงูุงูุงูุงูุงูุงูุง Retweets: 0
Category Label : sports
Credability : 0.5
Geo Tags : [ุจุฑุดูููู]
Name Entities : [ุจุฑุดูููู]
========================================================
ID: 45 ,SIZE = 1
ุนุงุฌู : ุดููุฏ ูุฌุฑูุญ ุณุงุจุน ุจุฑุตุงุต ููุงุช ุงูุฃูู ูู ูุฏููุฉ ุงูููุตูุฑุฉ Retweets: 0
Category Label : politics
Credability : 0.5
Geo Tags : []
Name Entities : []
========================================================
ID: 51 ,SIZE = 1
ุงููุทู | ุจุญุถูุฑ ุงูููุงุก #ูุญูุฏ_ุฅุจุฑุงููู.. ุจุฏุก ุฃุนูุงู ุงูุฏูุฑุฉ ุงูู30 ููุคุชูุฑ ูุฒุฑุงุก #ุงูุฏุงุฎููุฉ ุงูุนุฑุจ:  #elwatannews Retweets: 1
Category Label : politics
Credability : 2.7934782608695654
Geo Tags : [ุงูุณุนูุฏูุฉ]
Name Entities : [ุฌุฏูู ูุฒุฑุงุก ุงูุฏุงุฎููุฉ ุงูุณุนูุฏูุฉ ููุฐ ุชุฃุณูุณูุง]
========================================================
ID: 50 ,SIZE = 2
ุนุงุฌู: ุงูุฑูุงุถ ุชุณุชูุจู ููู ููููุฉ ุงูุจุญุฑูู ุงูุณุงุจู ุฎุจุฑ ุงูุชุธุฑู ุจูุงุฑุบ ุงูุตุจุฑ #Bahrain #14feb Retweets: 0
ุงูุฑูุงุถ ุชุณุชูุจู ููู ููููุฉ ุงูุจุญุฑูู ุงูุณุงุจู ุฎุจุฑ ุงูุชุธุฑู ุจูุงุฑุบ ุงูุตุจุฑ #Bahrain #14feb Retweets: 0
Category Label : sports
Credability : 1.5
Geo Tags : [ุงูุฑูุงุถ, ุงูุจุญุฑูู]
Name Entities : [ุงูุฑูุงุถ, ุงูุจุญุฑูู]
========================================================
ID: 49 ,SIZE = 1
#ุงูุฌูุด_ุงูุญุฑ ุงุณุชูุฏู ุฑุชู ุนุณูุฑู ุชุงุจุน ูููุงุช ุงูุฃุณุฏ ุนูู ุทุฑูู ุณูููุฉ-ุงูุฑูุฉ. #syria #ุณูุฑูุง Retweets: 0
Category Label : politics
Credability : 0.5
Geo Tags : [ุณูุฑูุง]
Name Entities : [ุณูุฑูุง]
========================================================
ID: 48 ,SIZE = 2
#ุณูุฑูุง #ุนุงุฌู :: #ุฏุฑุนุง ุงููุญุทุฉ ุงูุชุดุงุฑ ุญุงุฌุฒ ุญููุฏู ุงูุทุงูุฑ ุนูุฏ ุฏูุงุฑ ุงููุงููุฉ ูููุทุฉ ุงูุจุฑูุฏ ู ุงูุชุฏุงุฏ ุดุงุฑุน ุงูุดูุฏุงุก. ูุฑุฌู... Retweets: 0
ุนุงุฌู :: ุฏุฑุนุง ุงููุญุทุฉ ุงูุชุดุงุฑ ุญุงุฌุฒ ุญููุฏู ุงูุทุงูุฑ ุนูุฏ ุฏูุงุฑ ุงููุงููุฉ ูููุทุฉ ุงูุจุฑูุฏ ู ุงูุชุฏุงุฏ ุดุงุฑุน ุงูุดูุฏุงุก. ูุฑุฌู ุฃุฎุฐ ุงูุญูุทุฉ ู ุงูุญุฐุฑ ุงุฏูู6 Retweets: 0
Category Label : politics
Credability : 4.0
Geo Tags : [ุณูุฑูุง]
Name Entities : [ุณูุฑูุง]
========================================================
ID: 55 ,SIZE = 1
ูุงุฑูุง ุชูุญู ุจุดููููุง ูุชุฃุซุฑุฉ ุจุฅุตุงุจุชูุง ุจุญุฑูู ุฎุงููููุณ: ุชูููุช ุงูุทููุฉ ูุงุฑูุง ูุงุณู ุฃุจู ุทูุฑ (7 ุฃุนูุงู) ุตุจ...  #safaNews #Gaza Retweets: 1
Category Label : politics
Credability : 2.85
Geo Tags : [ูุงุณู]
Name Entities : [ูุงุณู]
========================================================
ID: 54 ,SIZE = 1
ูุฏู ูุฑูุฉ ุงูุนุฑุงููุจ ูููุฑุฉ ุงูู 48: ูุฏูุช ุฌุฑุงูุงุช ุงูุงุญุชูุงู ุงูุฅุณุฑุงุฆููู ุตุจุงุญ ุงูุฃุฑุจุนุงุก ุจููุช ูุฎูุงู ุฃูุงูู...  #safaNews #Gaza Retweets: 1
Category Label : politics
Credability : 2.875
Geo Tags : [ุฅุณุฑุงุฆูู]
Name Entities : [ุฅุณุฑุงุฆูู]
========================================================
ID: 53 ,SIZE = 1
ุงูุนูุงูุงุช ุงูุนุงูุฉ ุจุตุญุฉ ุบุฒุฉ ุชุฒูุฑ ุตุญููุฉ ููุณุทูู: ุฒุงุฑ ูุฑูู ุงูุนูุงูุงุช ุงูุนุงูุฉ ุจูุฒุงุฑุฉ ุงูุตุญุฉ ูู ุบุฒุฉ ุจุฑุฆุงุณ...  #safaNews #Gaza Retweets: 1
Category Label : politics
Credability : 2.9166666666666665
Geo Tags : [ููุณุทูู, ุบุฒู]
Name Entities : [ููุณุทูู, ูุฒุงุฑุฉ ุงูุตุญุฉ ุงูููุณุทูููุฉ, ุบุฒู]
========================================================
ID: 52 ,SIZE = 1
ุงูุฃุบุง ูุจุญุซ ูุน ูุงุฆุจ ูููุถ "ุฃููุฑูุง" ุฃูุถุงุน ุงููุงุฌุฆูู: ุจุญุซ ุนุถู ุงููุฌูุฉ ุงูุชูููุฐูุฉ ูููุธูุฉ ุงูุชุญุฑูุฑุ ุฑุฆูุณ...  #safaNews #Gaza Retweets: 1
Category Label : politics
Credability : 3.0
Geo Tags : []
Name Entities : []
========================================================
ID: 59 ,SIZE = 1
ุนุงุฌู | ูุตุงุฏุฑุฎุงุตุฉ ูุตูุญุฉ ุงุนูุงู #ุงููุณุงู : ุงูุดูุฎ ุงูุนูุงูุฉ #ููุณู_ุงููุฑุถุงูู ุณูุฒูุฑ #ุบุฒุฉ ูุทูุน ูุงูู ุงูุงุฑ ุงูููุจู . Retweets: 0
Category Label : politics
Credability : 0.5
Geo Tags : [ุณูุฑูุง, ูุตุฑ, ุบุฒู]
Name Entities : [ููุณู ุงููุฑุถุงูู, ุบุฒู, ุนุฒ ุงูุฏูู ุงููุณุงู]
========================================================
ID: 58 ,SIZE = 1
ูุญุงุถุฑุฉ ุชูุนููุฉ ุญูู "ุงูุณููููุงุช ุงูุจูุฆูุฉ ูู ุงููุฌุชูุน" ูุทุงูุจุงุช ูุฑูุฒ ุงูุดููุญ. #ุงูุนุฑุจ #ุงูุฏูุญุฉ #ูุทุฑ Retweets: 1
Category Label : art
Credability : 0.75
Geo Tags : [ูุทุฑ]
Name Entities : [ูุทุฑ]
========================================================
ID: 57 ,SIZE = 1
ุจุงูููุฏูู ..ุดููุฏ ุงุดุชุจุงูุงุช ูุตุฑ ุงูููู ูุชู ุจุฃุนูุฑุฉ ุญูุฉ ูู ุงูุฑุฃุณ: Retweets: 1
Category Label : politics
Credability : 2.8055555555555554
Geo Tags : [ุงูุณูุฏุงู]
Name Entities : [ุณููุฑ ุงูููู]
========================================================
ID: 56 ,SIZE = 1
ุจุงูููุฏูู..ููุถุฉ"ูุฑุณู"_ุฅุนูุงู ุญุงูุฉ ุงูุทูุงุฑุฆ ุจุณููุงุฌ ูุฅูุชุชุงุญ ูุจูู "ูุงุฑุบ": Retweets: 1
Category Label : politics
Credability : 2.8214285714285716
Geo Tags : []
Name Entities : []
========================================================
ID: 63 ,SIZE = 1
#ูุตุฑุงูู ุฑูุงุถุฉ | ุชุนุฑู ุนูู ูุง ูุงูู ูุฌูู #ุจุฑุดูููุฉ ุนู ุฑุจุงุนูุฉ ุงููุงูุจ ูู  #news #masrawy #egypt Retweets: 0
Category Label : sports
Credability : 2.566666666666667
Geo Tags : [ุจุฑุดูููู]
Name Entities : [ุจุฑุดูููู]
========================================================
ID: 62 ,SIZE = 1
ุงูุจุงูุง ูุญุฐุฑ ูู ุงู ุงูููุงูุงุช ุงููุชุญุฏุฉ ูู ุชุณุฏ ุนุฌุฒ ุงูููุงุฒูุฉ ูู ุงูุนูุฏ ุงูููุจู | ุฌุฑูุฏุฉ ุงููุจุณ Retweets: 0
Category Label : economy
Credability : 2.5
Geo Tags : [ุงูููุงูุงุช ุงููุชุญุฏู]
Name Entities : [ุงูููุงูุงุช ุงููุชุญุฏู]
========================================================
ID: 61 ,SIZE = 1
ุดุงูุฏ ููู ุฅูุชูุฏ ุณุงุฆู ูููุฑูุจุงุต ุฃุฏุงุก ุงูุฑุฆูุณ ูุฑุณู ! Retweets: 0
Category Label : politics
Credability : 2.576923076923077
Geo Tags : []
Name Entities : []
========================================================
ID: 60 ,SIZE = 1
ุงูุดูุฑู ูู ูุตุฑ ูุญูู ูุงููู ุงูุงูุชุฎุงุจุงุช ุฅูู ูุฌูุฉ ุงูุดุคูู ุงูุฏุณุชูุฑูุฉ Retweets: 0
Category Label : politics
Credability : 2.5476190476190474
Geo Tags : [ูุตุฑ]
Name Entities : [ูุตุฑ]
========================================================
ID: 68 ,SIZE = 1
ููู ุงูุนุฏูุงูู ุจุญุงุฌุฉ ูุงุณุฉ ููุฏู ( O- ) ูู ูุณุชุดูู ุงูุญุฑุณ - ุตุญููุฉ ุดูุฑุงุก ุงูุงููุชุฑูููุฉ Retweets: 0
Category Label : politics
Credability : 2.5
Geo Tags : [ูุตุฑ]
Name Entities : [ููู ูุจูู]
========================================================
ID: 69 ,SIZE = 1
ุนุงุฌู - ููุงุจุฉ ููุงูุญุฉ ุงูุชูุฑุจ ุงูุถุฑูุจู ุชุฃูุฑ ุจุถุจุท ูุฅุญุถุงุฑ ุงูุตุญูู ุฅุจุฑุงููู ุนูุณู Retweets: 0
Category Label : politics
Credability : 0.5
Geo Tags : [ูุตุฑ]
Name Entities : [ุฅุจุฑุงููู ุนูุณู]
========================================================
ID: 70 ,SIZE = 1
ูุณุฆูู ูููู: ุงููุงุนุฏุฉ ุฃูุดูุช ุงููุณุงุทุฉ ูุน ุงูุญูููุฉ Retweets: 0
Category Label : politics
Credability : 2.5
Geo Tags : []
Name Entities : []
========================================================
ID: 71 ,SIZE = 1
ุฑุฆูุณ #ูุจูุงู: ุนุฏุฏ ุงููุงุฒุญูู ุงูุณูุฑููู ูููู ูุฏุฑุฉ ูุจูุงู. #ุณูุฑูุง Retweets: 0
Category Label : politics
Credability : 0.5
Geo Tags : [ูุจูุงู, ุณูุฑูุง]
Name Entities : [ูุจูุงู, ุณูุฑูุง]
========================================================
ID: 64 ,SIZE = 1
ุงุถุทุฑุงุจ ูู ุญุฑูุฉ ุงูุทูุฑุงู ูุณูุก ุงูุฃุญูุงู ุงูุฌููุฉ ูู ูุทุงุฑ ูุฑุงููููุฑุช ุงูุฏููู. #ุงูุนุฑุจ #ุฃููุงููุง Retweets: 0
Category Label : economy
Credability : 0.5
Geo Tags : [ูุฑุงููููุฑุช, ุงููุงููุง]
Name Entities : [ูุฑุงููููุฑุช, ุงููุงููุง]
========================================================
ID: 65 ,SIZE = 1
ุงููุทู | ุงูุณูุทุฑุฉ ุนูู ุญุฑูู ุจูุฎุงุฒู ูุตูุน ุฃุญุฐูุฉ ุจู"ููููุจ":  #elwatannews Retweets: 0
Category Label : politics
Credability : 2.5454545454545454
Geo Tags : [ููููุจ]
Name Entities : [ููููุจ]
========================================================
ID: 66 ,SIZE = 6
ุนุงุฌู / ุนุฑุงูููู ูุชุธุงูุฑูู ุงูุงู ุงูุญุฏูุฏ ุงููููุชูุฉ.โ Retweets: 0
ุนุงุฌู / ุนุฑุงูููู ูุชุธุงูุฑูู ุงูุงู ุงูุญุฏูุฏ ุงููููุชูุฉ. ูุญุงูู ุงุณุชููุงุฑ ุนูู ุงูุญุฏูุฏ Retweets: 0
ุนุงุฌู : ุนุฑุงูููู ูุชุธุงูุฑูู ุงูุงู ุงูุญุฏูุฏ ุงููููุชูุฉ. ุฌููุง ูุฒุฑุช Retweets: 0
ุนุงุฌู / ุนุฑุงูููู ูุชุธุงูุฑูู ุงูุงู ุงูุญุฏูุฏ ุงููููุชูุฉ."ุงุดูุจููููููููููููู ุนูุช ุนูููู Retweets: 0
ุนุงุฌู / ุนุฑุงูููู ูุชุธุงูุฑูู ุงูุงู ุงูุญุฏูุฏ ุงููููุชูุฉ.โ ูุจูู ููุญู ุจุนุฏ!!! ุนุทููู ุฃูููุง ุฎู ุงูุชู ุฎููุชู ุงุญุฏ ูุฒุนุชู ุงูุญูุงู ุนูู ุงููู ุงูุง ุงุญูุง. Retweets: 0
ุนุงุฌู / ุนุฑุงูููู ูุชุธุงูุฑูู ุงูุงู ุงูุญุฏูุฏ ุงููููุชูุฉ.โ ุงูููุฑู ูุงูููุฏ ูุนูู ุงูุง ุงูุนูู ุงูุญูุฑุง Retweets: 0
Category Label : politics
Credability : 6.0
Geo Tags : [ุงููููุช, ุงูุนุฑุงู]
Name Entities : [ุงููููุช, ุงูุนุฑุงู]
========================================================
ID: 67 ,SIZE = 1
: ุงูุฌูุด ุงูุญุฑ ูุฐุจุญ ูุงุฆุฏ ุญุฒุจ ุงููู ูู ุณูุฑูุง Retweets: 0
Category Label : politics
Credability : 0.5
Geo Tags : [ูุจูุงู, ุณูุฑูุง]
Name Entities : [ุณูุฑูุง, ุญุฒุจ ุงููู]
========================================================
ID: 76 ,SIZE = 1
ูุตูุนู ุงูุทูุจ ููุบูู ูููุชูู ุฃูุงู "ุงููุฒุฑุงุก" ุจุนุฏ ุงุณุชุฌุงุจุฉ ุงูุญูููุฉ ููุทุงูุจูู Retweets: 0
Category Label : politics
Credability : 1.5
Geo Tags : []
Name Entities : []
========================================================
ID: 77 ,SIZE = 1
ุญููุฉ ูุฏุงููุงุช ูุชูุชูุด ุชุณุชูุฏู ุงูุชูุงุฑ ุงูุณููู ุงูุฅุณูุงูู ูู ููุงูุชูู ุจุฃููุงููุง Retweets: 0
Category Label : politics
Credability : 3.5
Geo Tags : [ุงููุงููุง]
Name Entities : [ุงููุงููุง]
========================================================
ID: 78 ,SIZE = 1
"ุงูุฌุฒูุฑุฉ" ุนุฑุถ ูุตูุฑ ุณูุก ูุนุงููุฉ ุฃุณุฑู ููุณุทูู: ุดูุฏ ูุฎูู ุฌููู ููุงุฌุฆูู ุงูููุณุทููููู ุจุงูุถูุฉ ุงูุบุฑุจูุฉ ุนุฑุถุง ููุณุฑุญูุฉ ุจุนููุง... Retweets: 0
Category Label : politics
Credability : 3.5
Geo Tags : [ููุณุทูู, ุฌููู]
Name Entities : [ููุณุทูู, ุฌููู]
========================================================
ID: 79 ,SIZE = 1
ุญุงูู ุฑุฃุณ ุงูุฎููุฉ ูุคุฏู ุตูุงุฉ ุงูุฌูุงุฒุฉ ุนูู ุฌุซูุงู ุนุจุฏุงููู ููุณู Retweets: 0
Category Label : art
Credability : 2.5
Geo Tags : []
Name Entities : []
========================================================
ID: 72 ,SIZE = 1
ุชููู ุชุตุฏูุฑ ุงูุฎุถุงุฑ ูุงูููุงูู ุงูุฃุฑุฏููุฉ ุฅูู ุณูุฑูุง Retweets: 0
Category Label : politics
Credability : 2.5
Geo Tags : [ุงูุฃุฑุฏู, ุณูุฑูุง]
Name Entities : [ุณูุฑูุง, ูุฌูุฉ ุงูุชูุณูู ุงูุนููุง ูููุนุงุฑุถุฉ ุงูุฃุฑุฏููุฉ]
========================================================
ID: 73 ,SIZE = 1
ุชุฑุงุฌุน ุฌูุงุนู ููุคุดุฑุงุช ุงูุจูุฑุตุฉ ูู ูุณุชูู ุชุนุงููุงุช ุงูููู Retweets: 0
Category Label : economy
Credability : 3.5
Geo Tags : []
Name Entities : []
========================================================
ID: 74 ,SIZE = 1
ุฎูุงู ุจูู ุฑูุณูุง ูุฃูุฑููุง ูู ุงูุฃูู ุงููุชุญุฏุฉ ุญูู ุงูุณูุฏุงู ูุฌููุจ ุงูุณูุฏุงู Retweets: 0
Category Label : economy
Credability : 3.5
Geo Tags : [ุงูุฑููุง, ุฑูุณูุง, ุฌููุจ ุงูุณูุฏุงู, ุงูุณูุฏุงู]
Name Entities : [ุงูุฑููุง, ุฑูุณูุง, ุฌููุจ ุงูุณูุฏุงู, ุงูุณูุฏุงู]
========================================================
ID: 75 ,SIZE = 2
ูููู ูุฃุจูุงุก ุงูุฌุงููุฉ ุงููุทุฑูุฉ ุจุงููุงูุฑุฉ ุญุฌุฒ ูุณุฎูู ูู "#ุงูุนุฑุจ" ุนูู ุงูุฎุท ุงูุณุงุฎู ูู ุฏุงุฎู #ูุตุฑ 37623715 ููููุง ููุฌุงููุง. #ูุทุฑ Retweets: 0
ูุณุฎุฉ ยซ#ุงูุนุฑุจยป ุงููุญููุฉ ุจุงููุงูุฑุฉ.. ุงูุขู ุจุณูุงุฑุฉ #ูุทุฑ ููุงุฏู ุงูุทูุจุฉ ุงููุทุฑููู ูููุงุฑ ุงูุดุฑูุงุช ุงููุทุฑูุฉ ูุงูููุงุฏู ุงููุจุฑู. #ูุตุฑ  โฆ Retweets: 0
Category Label : politics
Credability : 6.0625
Geo Tags : [ูุทุฑ, ูุตุฑ, ุงููุงูุฑู, ูุฑูุณุง]
Name Entities : [ูุงุฏู ุงููุนุงูุจุฉ, ูุทุฑ, ูุตุฑ, ุงููุงูุฑู]
========================================================
ID: 81 ,SIZE = 1
ูุงุฏู ุงูุฃุณูุฑ: ุงูุฏูุงุก ุชุบูู ูุฌุฑู ุงูุดุฑุงููู ููุฃุณูุฑ ูุญูุฏ ุงูุชุงุฌ ููู ุจุญุงุฌุฉ ูุฒุฑุงุนุฉ ุฑุฆุชูู ุจุดูู ุนุงุฌู. Retweets: 0
Category Label : politics
Credability : 0.5
Geo Tags : [ูุจูุงู, ุงูุตูู]
Name Entities : [ูู ุฌููุชุงู, ุงุจู ุงูุฃุณูุฑ]
========================================================
ID: 80 ,SIZE = 1
ูู ุจูุฏุฉ #ุงูุดููุฏ_ูุงุถู_ุงููุชุฑูู ูุฏููุฉ ุนูุณู ุงูููุทูู ุงูุชุงุณุนุฉ ุงูุงูุฑุงุฌ ุนู ุงุจู ุงูููุทูุฉ ูุญูุฏ ููุตู ุงูุนูููุงุช ูุน ุงูุดูุฎ... . ... Retweets: 0
Category Label : politics
Credability : 0.5
Geo Tags : []
Name Entities : []
========================================================
